<?xml version="1.0" encoding="UTF-8"?>
<!-- Generated by org.testng.reporters.JUnitReportReporter -->
<testsuite hostname="DESKTOP-6QB5I7N" failures="0" tests="1" name="com.demo.allure.TestCase3" time="0.005" errors="0" timestamp="2025-08-10T22:53:16 BST" skipped="1">
  <testcase classname="com.demo.allure.TestCase3" name="testMethod3" time="0.005">
    <skipped/>
  </testcase> <!-- testMethod3 -->
</testsuite> <!-- com.demo.allure.TestCase3 -->
