<?xml version="1.0" encoding="UTF-8"?>
<!-- Generated by org.testng.reporters.JUnitReportReporter -->
<testsuite hostname="DESKTOP-6QB5I7N" failures="0" tests="1" name="com.demo.allure.TestCase2" time="0.009" errors="0" timestamp="2025-08-10T22:53:16 BST" skipped="0">
  <testcase classname="com.demo.allure.TestCase2" name="testMethod2" time="0.009"/>
</testsuite> <!-- com.demo.allure.TestCase2 -->
